<?xml version="1.0" encoding="UTF-8"?>
<testng-results ignored="0" total="4" passed="3" failed="1" skipped="0">
  <reporter-output>
  </reporter-output>
  <suite started-at="2021-01-18T11:23:47 GMT" name="Default suite" finished-at="2021-01-18T11:24:16 GMT" duration-ms="29157">
    <groups>
    </groups>
    <test started-at="2021-01-18T11:23:47 GMT" name="Default test" finished-at="2021-01-18T11:24:16 GMT" duration-ms="29157">
      <class name="com.flipkart.Test.LoginPageTest">
        <test-method signature="LoginTest(java.lang.String, java.lang.String)[pri:0, instance:com.flipkart.Test.LoginPageTest@6193932a]" started-at="2021-01-18T11:23:48 GMT" name="LoginTest" data-provider="sendData" finished-at="2021-01-18T11:23:57 GMT" duration-ms="9393" status="PASS">
          <params>
            <param index="0">
              <value>
                <![CDATA[lokhande8madhuri@gmail.com]]>
              </value>
            </param>
            <param index="1">
              <value>
                <![CDATA[Madhuri8l]]>
              </value>
            </param>
          </params>
          <reporter-output>
          </reporter-output>
        </test-method> <!-- LoginTest -->
        <test-method is-config="true" signature="tearDown(org.testng.ITestResult)[pri:0, instance:com.flipkart.Test.LoginPageTest@6193932a]" started-at="2021-01-18T11:23:57 GMT" name="tearDown" finished-at="2021-01-18T11:23:57 GMT" duration-ms="2" status="PASS">
          <params>
            <param index="0">
              <value>
                <![CDATA[[TestResult name=LoginTest status=SUCCESS method=LoginPageTest.LoginTest(java.lang.String, java.lang.String)[pri:0, instance:com.flipkart.Test.LoginPageTest@6193932a] output={null}]]]>
              </value>
            </param>
          </params>
          <reporter-output>
          </reporter-output>
        </test-method> <!-- tearDown -->
        <test-method signature="LoginTest(java.lang.String, java.lang.String)[pri:0, instance:com.flipkart.Test.LoginPageTest@6193932a]" started-at="2021-01-18T11:23:57 GMT" name="LoginTest" data-provider="sendData" finished-at="2021-01-18T11:24:07 GMT" duration-ms="9781" status="PASS">
          <params>
            <param index="0">
              <value>
                <![CDATA[Selenium@gmail.com]]>
              </value>
            </param>
            <param index="1">
              <value>
                <![CDATA[password123]]>
              </value>
            </param>
          </params>
          <reporter-output>
          </reporter-output>
        </test-method> <!-- LoginTest -->
        <test-method is-config="true" signature="tearDown(org.testng.ITestResult)[pri:0, instance:com.flipkart.Test.LoginPageTest@6193932a]" started-at="2021-01-18T11:24:07 GMT" name="tearDown" finished-at="2021-01-18T11:24:07 GMT" duration-ms="0" status="PASS">
          <params>
            <param index="0">
              <value>
                <![CDATA[[TestResult name=LoginTest status=SUCCESS method=LoginPageTest.LoginTest(java.lang.String, java.lang.String)[pri:0, instance:com.flipkart.Test.LoginPageTest@6193932a] output={null}]]]>
              </value>
            </param>
          </params>
          <reporter-output>
          </reporter-output>
        </test-method> <!-- tearDown -->
        <test-method signature="LoginTest(java.lang.String, java.lang.String)[pri:0, instance:com.flipkart.Test.LoginPageTest@6193932a]" started-at="2021-01-18T11:24:07 GMT" name="LoginTest" data-provider="sendData" finished-at="2021-01-18T11:24:16 GMT" duration-ms="9061" status="PASS">
          <params>
            <param index="0">
              <value>
                <![CDATA[Selenium12@gmail.com]]>
              </value>
            </param>
            <param index="1">
              <value>
                <![CDATA[abcdefgh]]>
              </value>
            </param>
          </params>
          <reporter-output>
          </reporter-output>
        </test-method> <!-- LoginTest -->
        <test-method is-config="true" signature="tearDown(org.testng.ITestResult)[pri:0, instance:com.flipkart.Test.LoginPageTest@6193932a]" started-at="2021-01-18T11:24:16 GMT" name="tearDown" finished-at="2021-01-18T11:24:16 GMT" duration-ms="1" status="PASS">
          <params>
            <param index="0">
              <value>
                <![CDATA[[TestResult name=LoginTest status=SUCCESS method=LoginPageTest.LoginTest(java.lang.String, java.lang.String)[pri:0, instance:com.flipkart.Test.LoginPageTest@6193932a] output={null}]]]>
              </value>
            </param>
          </params>
          <reporter-output>
          </reporter-output>
        </test-method> <!-- tearDown -->
        <test-method signature="loginPageTitleTest()[pri:1, instance:com.flipkart.Test.LoginPageTest@6193932a]" started-at="2021-01-18T11:24:16 GMT" name="loginPageTitleTest" finished-at="2021-01-18T11:24:16 GMT" duration-ms="11" status="FAIL">
          <exception class="java.lang.AssertionError">
            <message>
              <![CDATA[expected [Online Shopping Site for Mobiles, Electronics, Furniture, Grocery, Lifestyle, Books & More. 123Best Offers!] but found [Online Shopping Site for Mobiles, Electronics, Furniture, Grocery, Lifestyle, Books & More. Best Offers!]]]>
            </message>
            <full-stacktrace>
              <![CDATA[java.lang.AssertionError: expected [Online Shopping Site for Mobiles, Electronics, Furniture, Grocery, Lifestyle, Books & More. 123Best Offers!] but found [Online Shopping Site for Mobiles, Electronics, Furniture, Grocery, Lifestyle, Books & More. Best Offers!]
at org.testng.Assert.fail(Assert.java:99)
at org.testng.Assert.failNotEquals(Assert.java:1037)
at org.testng.Assert.assertEqualsImpl(Assert.java:140)
at org.testng.Assert.assertEquals(Assert.java:122)
at org.testng.Assert.assertEquals(Assert.java:629)
at org.testng.Assert.assertEquals(Assert.java:639)
at com.flipkart.Test.LoginPageTest.loginPageTitleTest(LoginPageTest.java:42)
at java.base/jdk.internal.reflect.NativeMethodAccessorImpl.invoke0(Native Method)
at java.base/jdk.internal.reflect.NativeMethodAccessorImpl.invoke(NativeMethodAccessorImpl.java:62)
at java.base/jdk.internal.reflect.DelegatingMethodAccessorImpl.invoke(DelegatingMethodAccessorImpl.java:43)
at java.base/java.lang.reflect.Method.invoke(Method.java:564)
at org.testng.internal.MethodInvocationHelper.invokeMethod(MethodInvocationHelper.java:132)
at org.testng.internal.TestInvoker.invokeMethod(TestInvoker.java:599)
at org.testng.internal.TestInvoker.invokeTestMethod(TestInvoker.java:174)
at org.testng.internal.MethodRunner.runInSequence(MethodRunner.java:46)
at org.testng.internal.TestInvoker$MethodInvocationAgent.invoke(TestInvoker.java:822)
at org.testng.internal.TestInvoker.invokeTestMethods(TestInvoker.java:147)
at org.testng.internal.TestMethodWorker.invokeTestMethods(TestMethodWorker.java:146)
at org.testng.internal.TestMethodWorker.run(TestMethodWorker.java:128)
at java.base/java.util.ArrayList.forEach(ArrayList.java:1511)
at org.testng.TestRunner.privateRun(TestRunner.java:764)
at org.testng.TestRunner.run(TestRunner.java:585)
at org.testng.SuiteRunner.runTest(SuiteRunner.java:384)
at org.testng.SuiteRunner.runSequentially(SuiteRunner.java:378)
at org.testng.SuiteRunner.privateRun(SuiteRunner.java:337)
at org.testng.SuiteRunner.run(SuiteRunner.java:286)
at org.testng.SuiteRunnerWorker.runSuite(SuiteRunnerWorker.java:53)
at org.testng.SuiteRunnerWorker.run(SuiteRunnerWorker.java:96)
at org.testng.TestNG.runSuitesSequentially(TestNG.java:1218)
at org.testng.TestNG.runSuitesLocally(TestNG.java:1140)
at org.testng.TestNG.runSuites(TestNG.java:1069)
at org.testng.TestNG.run(TestNG.java:1037)
at org.testng.remote.AbstractRemoteTestNG.run(AbstractRemoteTestNG.java:115)
at org.testng.remote.RemoteTestNG.initAndRun(RemoteTestNG.java:251)
at org.testng.remote.RemoteTestNG.main(RemoteTestNG.java:77)
]]>
            </full-stacktrace>
          </exception> <!-- java.lang.AssertionError -->
          <reporter-output>
          </reporter-output>
        </test-method> <!-- loginPageTitleTest -->
        <test-method is-config="true" signature="tearDown(org.testng.ITestResult)[pri:0, instance:com.flipkart.Test.LoginPageTest@6193932a]" started-at="2021-01-18T11:24:16 GMT" name="tearDown" finished-at="2021-01-18T11:24:16 GMT" duration-ms="440" status="PASS">
          <params>
            <param index="0">
              <value>
                <![CDATA[[TestResult name=loginPageTitleTest status=FAILURE method=LoginPageTest.loginPageTitleTest()[pri:1, instance:com.flipkart.Test.LoginPageTest@6193932a] output={null}]]]>
              </value>
            </param>
          </params>
          <reporter-output>
          </reporter-output>
        </test-method> <!-- tearDown -->
      </class> <!-- com.flipkart.Test.LoginPageTest -->
    </test> <!-- Default test -->
  </suite> <!-- Default suite -->
</testng-results>
